Determining if the pthread_create exist failed with the following output:
Change Dir: /mnt/d/dev/oslab/lab3/shared_mem/cmake-build-debug/CMakeFiles/CMakeTmp

Run Build Command:"/usr/bin/make" "cmTC_f9ce9/fast"
/usr/bin/make -f CMakeFiles/cmTC_f9ce9.dir/build.make CMakeFiles/cmTC_f9ce9.dir/build
make[1]: Entering directory '/mnt/d/dev/oslab/lab3/shared_mem/cmake-build-debug/CMakeFiles/CMakeTmp'
Building C object CMakeFiles/cmTC_f9ce9.dir/CheckSymbolExists.c.o
/usr/bin/cc   -std=gnu99 -o CMakeFiles/cmTC_f9ce9.dir/CheckSymbolExists.c.o   -c /mnt/d/dev/oslab/lab3/shared_mem/cmake-build-debug/CMakeFiles/CMakeTmp/CheckSymbolExists.c
Linking C executable cmTC_f9ce9
/usr/bin/cmake -E cmake_link_script CMakeFiles/cmTC_f9ce9.dir/link.txt --verbose=1
/usr/bin/cc      CMakeFiles/cmTC_f9ce9.dir/CheckSymbolExists.c.o  -o cmTC_f9ce9 
CMakeFiles/cmTC_f9ce9.dir/CheckSymbolExists.c.o: In function `main':
CheckSymbolExists.c:(.text+0x1b): undefined reference to `pthread_create'
collect2: error: ld returned 1 exit status
CMakeFiles/cmTC_f9ce9.dir/build.make:97: recipe for target 'cmTC_f9ce9' failed
make[1]: *** [cmTC_f9ce9] Error 1
make[1]: Leaving directory '/mnt/d/dev/oslab/lab3/shared_mem/cmake-build-debug/CMakeFiles/CMakeTmp'
Makefile:126: recipe for target 'cmTC_f9ce9/fast' failed
make: *** [cmTC_f9ce9/fast] Error 2

File /mnt/d/dev/oslab/lab3/shared_mem/cmake-build-debug/CMakeFiles/CMakeTmp/CheckSymbolExists.c:
/* */
#include <pthread.h>

int main(int argc, char** argv)
{
  (void)argv;
#ifndef pthread_create
  return ((int*)(&pthread_create))[argc];
#else
  (void)argc;
  return 0;
#endif
}

Determining if the function pthread_create exists in the pthreads failed with the following output:
Change Dir: /mnt/d/dev/oslab/lab3/shared_mem/cmake-build-debug/CMakeFiles/CMakeTmp

Run Build Command:"/usr/bin/make" "cmTC_74cf3/fast"
/usr/bin/make -f CMakeFiles/cmTC_74cf3.dir/build.make CMakeFiles/cmTC_74cf3.dir/build
make[1]: Entering directory '/mnt/d/dev/oslab/lab3/shared_mem/cmake-build-debug/CMakeFiles/CMakeTmp'
Building C object CMakeFiles/cmTC_74cf3.dir/CheckFunctionExists.c.o
/usr/bin/cc   -DCHECK_FUNCTION_EXISTS=pthread_create   -std=gnu99 -o CMakeFiles/cmTC_74cf3.dir/CheckFunctionExists.c.o   -c /usr/share/cmake-3.10/Modules/CheckFunctionExists.c
Linking C executable cmTC_74cf3
/usr/bin/cmake -E cmake_link_script CMakeFiles/cmTC_74cf3.dir/link.txt --verbose=1
/usr/bin/cc  -DCHECK_FUNCTION_EXISTS=pthread_create    CMakeFiles/cmTC_74cf3.dir/CheckFunctionExists.c.o  -o cmTC_74cf3 -lpthreads 
/usr/bin/ld: cannot find -lpthreads
collect2: error: ld returned 1 exit status
CMakeFiles/cmTC_74cf3.dir/build.make:97: recipe for target 'cmTC_74cf3' failed
make[1]: *** [cmTC_74cf3] Error 1
make[1]: Leaving directory '/mnt/d/dev/oslab/lab3/shared_mem/cmake-build-debug/CMakeFiles/CMakeTmp'
Makefile:126: recipe for target 'cmTC_74cf3/fast' failed
make: *** [cmTC_74cf3/fast] Error 2


